/home/kmk_gmx/Desktop/bioinfo/blast_datas/blast_docking/aligned_pdbqt_dock/4q08_4zwz_ligand_5
/home/kmk_gmx/Desktop/bioinfo/blast_datas/blast_docking/aligned_pdbqt_dock/4q08_4zwz_ligand_7
/home/kmk_gmx/Desktop/bioinfo/blast_datas/blast_docking/aligned_pdbqt_dock/4q08_4zwz_ligand_3
/home/kmk_gmx/Desktop/bioinfo/blast_datas/blast_docking/aligned_pdbqt_dock/4q08_4zwz_ligand_4
/home/kmk_gmx/Desktop/bioinfo/blast_datas/blast_docking/aligned_pdbqt_dock/4q08_4zwz_ligand_8
/home/kmk_gmx/Desktop/bioinfo/blast_datas/blast_docking/aligned_pdbqt_dock/4q08_4zwz_ligand_1
/home/kmk_gmx/Desktop/bioinfo/blast_datas/blast_docking/aligned_pdbqt_dock/4q08_4zwz_ligand_9
/home/kmk_gmx/Desktop/bioinfo/blast_datas/blast_docking/aligned_pdbqt_dock/4q08_4zwz_ligand_6
/home/kmk_gmx/Desktop/bioinfo/blast_datas/blast_docking/aligned_pdbqt_dock/4y01_6jtc_ligand_9
/home/kmk_gmx/Desktop/bioinfo/blast_datas/blast_docking/aligned_pdbqt_dock/4y01_6jtc_ligand_7
/home/kmk_gmx/Desktop/bioinfo/blast_datas/blast_docking/aligned_pdbqt_dock/4y01_6jtc_ligand_8
/home/kmk_gmx/Desktop/bioinfo/blast_datas/blast_docking/aligned_pdbqt_dock/4y01_6jtc_ligand_6
/home/kmk_gmx/Desktop/bioinfo/blast_datas/blast_docking/aligned_pdbqt_dock/4y01_6jtc_ligand_2
/home/kmk_gmx/Desktop/bioinfo/blast_datas/blast_docking/aligned_pdbqt_dock/4y01_6jtc_ligand_4
/home/kmk_gmx/Desktop/bioinfo/blast_datas/blast_docking/aligned_pdbqt_dock/4y01_6jtc_ligand_3
/home/kmk_gmx/Desktop/bioinfo/blast_datas/blast_docking/aligned_pdbqt_dock/4y01_6jtc_ligand_1
/home/kmk_gmx/Desktop/bioinfo/blast_datas/blast_docking/aligned_pdbqt_dock/4b2d_6gg4_ligand_1
/home/kmk_gmx/Desktop/bioinfo/blast_datas/blast_docking/aligned_pdbqt_dock/4b2d_6gg4_ligand_9
/home/kmk_gmx/Desktop/bioinfo/blast_datas/blast_docking/aligned_pdbqt_dock/4b2d_6gg4_ligand_5
/home/kmk_gmx/Desktop/bioinfo/blast_datas/blast_docking/aligned_pdbqt_dock/4b2d_6gg4_ligand_2
/home/kmk_gmx/Desktop/bioinfo/blast_datas/blast_docking/aligned_pdbqt_dock/4b2d_6gg4_ligand_4
/home/kmk_gmx/Desktop/bioinfo/blast_datas/blast_docking/aligned_pdbqt_dock/4b2d_6gg4_ligand_6
/home/kmk_gmx/Desktop/bioinfo/blast_datas/blast_docking/aligned_pdbqt_dock/4b2d_6gg4_ligand_8
/home/kmk_gmx/Desktop/bioinfo/blast_datas/blast_docking/aligned_pdbqt_dock/4b2d_6gg4_ligand_3
/home/kmk_gmx/Desktop/bioinfo/blast_datas/blast_docking/aligned_pdbqt_dock/1zhp_4x6o_ligand_5
/home/kmk_gmx/Desktop/bioinfo/blast_datas/blast_docking/aligned_pdbqt_dock/1zhp_4x6o_ligand_3
/home/kmk_gmx/Desktop/bioinfo/blast_datas/blast_docking/aligned_pdbqt_dock/1zhp_4x6o_ligand_9
/home/kmk_gmx/Desktop/bioinfo/blast_datas/blast_docking/aligned_pdbqt_dock/1zhp_4x6o_ligand_6
/home/kmk_gmx/Desktop/bioinfo/blast_datas/blast_docking/aligned_pdbqt_dock/1zhp_4x6o_ligand_7
/home/kmk_gmx/Desktop/bioinfo/blast_datas/blast_docking/aligned_pdbqt_dock/1zhp_4x6o_ligand_8
/home/kmk_gmx/Desktop/bioinfo/blast_datas/blast_docking/aligned_pdbqt_dock/1zhp_4x6o_ligand_2
/home/kmk_gmx/Desktop/bioinfo/blast_datas/blast_docking/aligned_pdbqt_dock/1zhp_4x6o_ligand_1
/home/kmk_gmx/Desktop/bioinfo/blast_datas/blast_docking/aligned_pdbqt_dock/4p7f_3u81_ligand_3
/home/kmk_gmx/Desktop/bioinfo/blast_datas/blast_docking/aligned_pdbqt_dock/4p7f_3u81_ligand_9
/home/kmk_gmx/Desktop/bioinfo/blast_datas/blast_docking/aligned_pdbqt_dock/4p7f_3u81_ligand_1
/home/kmk_gmx/Desktop/bioinfo/blast_datas/blast_docking/aligned_pdbqt_dock/4p7f_3u81_ligand_7
/home/kmk_gmx/Desktop/bioinfo/blast_datas/blast_docking/aligned_pdbqt_dock/4p7f_3u81_ligand_4
/home/kmk_gmx/Desktop/bioinfo/blast_datas/blast_docking/aligned_pdbqt_dock/4p7f_3u81_ligand_6
/home/kmk_gmx/Desktop/bioinfo/blast_datas/blast_docking/aligned_pdbqt_dock/4p7f_3u81_ligand_5
/home/kmk_gmx/Desktop/bioinfo/blast_datas/blast_docking/aligned_pdbqt_dock/4p7f_3u81_ligand_2
/home/kmk_gmx/Desktop/bioinfo/blast_datas/blast_docking/aligned_pdbqt_dock/7cja_5n84_ligand_2
/home/kmk_gmx/Desktop/bioinfo/blast_datas/blast_docking/aligned_pdbqt_dock/7cja_5n84_ligand_9
/home/kmk_gmx/Desktop/bioinfo/blast_datas/blast_docking/aligned_pdbqt_dock/7cja_5n84_ligand_1
/home/kmk_gmx/Desktop/bioinfo/blast_datas/blast_docking/aligned_pdbqt_dock/7cja_5n84_ligand_7
/home/kmk_gmx/Desktop/bioinfo/blast_datas/blast_docking/aligned_pdbqt_dock/7cja_5n84_ligand_4
/home/kmk_gmx/Desktop/bioinfo/blast_datas/blast_docking/aligned_pdbqt_dock/7cja_5n84_ligand_3
/home/kmk_gmx/Desktop/bioinfo/blast_datas/blast_docking/aligned_pdbqt_dock/7cja_5n84_ligand_5
/home/kmk_gmx/Desktop/bioinfo/blast_datas/blast_docking/aligned_pdbqt_dock/7cja_5n84_ligand_8
/home/kmk_gmx/Desktop/bioinfo/blast_datas/blast_docking/aligned_pdbqt_dock/12ca_4bf6_ligand_9
/home/kmk_gmx/Desktop/bioinfo/blast_datas/blast_docking/aligned_pdbqt_dock/12ca_4bf6_ligand_2
/home/kmk_gmx/Desktop/bioinfo/blast_datas/blast_docking/aligned_pdbqt_dock/12ca_4bf6_ligand_8
/home/kmk_gmx/Desktop/bioinfo/blast_datas/blast_docking/aligned_pdbqt_dock/12ca_4bf6_ligand_6
/home/kmk_gmx/Desktop/bioinfo/blast_datas/blast_docking/aligned_pdbqt_dock/12ca_4bf6_ligand_1
/home/kmk_gmx/Desktop/bioinfo/blast_datas/blast_docking/aligned_pdbqt_dock/12ca_4bf6_ligand_7
/home/kmk_gmx/Desktop/bioinfo/blast_datas/blast_docking/aligned_pdbqt_dock/12ca_4bf6_ligand_5
/home/kmk_gmx/Desktop/bioinfo/blast_datas/blast_docking/aligned_pdbqt_dock/12ca_4bf6_ligand_4
/home/kmk_gmx/Desktop/bioinfo/blast_datas/blast_docking/aligned_pdbqt_dock/6x7b_5d24_ligand_6
/home/kmk_gmx/Desktop/bioinfo/blast_datas/blast_docking/aligned_pdbqt_dock/6x7b_5d24_ligand_2
/home/kmk_gmx/Desktop/bioinfo/blast_datas/blast_docking/aligned_pdbqt_dock/6x7b_5d24_ligand_3
/home/kmk_gmx/Desktop/bioinfo/blast_datas/blast_docking/aligned_pdbqt_dock/6x7b_5d24_ligand_4
/home/kmk_gmx/Desktop/bioinfo/blast_datas/blast_docking/aligned_pdbqt_dock/6x7b_5d24_ligand_8
/home/kmk_gmx/Desktop/bioinfo/blast_datas/blast_docking/aligned_pdbqt_dock/6x7b_5d24_ligand_9
/home/kmk_gmx/Desktop/bioinfo/blast_datas/blast_docking/aligned_pdbqt_dock/6x7b_5d24_ligand_1
/home/kmk_gmx/Desktop/bioinfo/blast_datas/blast_docking/aligned_pdbqt_dock/6x7b_5d24_ligand_5
/home/kmk_gmx/Desktop/bioinfo/blast_datas/blast_docking/aligned_pdbqt_dock/4gux_2zdl_ligand_2
/home/kmk_gmx/Desktop/bioinfo/blast_datas/blast_docking/aligned_pdbqt_dock/4gux_2zdl_ligand_5
/home/kmk_gmx/Desktop/bioinfo/blast_datas/blast_docking/aligned_pdbqt_dock/4gux_2zdl_ligand_7
/home/kmk_gmx/Desktop/bioinfo/blast_datas/blast_docking/aligned_pdbqt_dock/4gux_2zdl_ligand_4
/home/kmk_gmx/Desktop/bioinfo/blast_datas/blast_docking/aligned_pdbqt_dock/4gux_2zdl_ligand_9
/home/kmk_gmx/Desktop/bioinfo/blast_datas/blast_docking/aligned_pdbqt_dock/4gux_2zdl_ligand_8
/home/kmk_gmx/Desktop/bioinfo/blast_datas/blast_docking/aligned_pdbqt_dock/4gux_2zdl_ligand_3
/home/kmk_gmx/Desktop/bioinfo/blast_datas/blast_docking/aligned_pdbqt_dock/4gux_2zdl_ligand_6
/home/kmk_gmx/Desktop/bioinfo/blast_datas/blast_docking/aligned_pdbqt_dock/2az8_1sbg_ligand_9
/home/kmk_gmx/Desktop/bioinfo/blast_datas/blast_docking/aligned_pdbqt_dock/2az8_1sbg_ligand_3
/home/kmk_gmx/Desktop/bioinfo/blast_datas/blast_docking/aligned_pdbqt_dock/2az8_1sbg_ligand_1
/home/kmk_gmx/Desktop/bioinfo/blast_datas/blast_docking/aligned_pdbqt_dock/2az8_1sbg_ligand_4
/home/kmk_gmx/Desktop/bioinfo/blast_datas/blast_docking/aligned_pdbqt_dock/2az8_1sbg_ligand_2
/home/kmk_gmx/Desktop/bioinfo/blast_datas/blast_docking/aligned_pdbqt_dock/2az8_1sbg_ligand_5
/home/kmk_gmx/Desktop/bioinfo/blast_datas/blast_docking/aligned_pdbqt_dock/2az8_1sbg_ligand_6
/home/kmk_gmx/Desktop/bioinfo/blast_datas/blast_docking/aligned_pdbqt_dock/2az8_1sbg_ligand_8
/home/kmk_gmx/Desktop/bioinfo/blast_datas/blast_docking/aligned_pdbqt_dock/1hea_4q8x_ligand_9
/home/kmk_gmx/Desktop/bioinfo/blast_datas/blast_docking/aligned_pdbqt_dock/1hea_4q8x_ligand_1
/home/kmk_gmx/Desktop/bioinfo/blast_datas/blast_docking/aligned_pdbqt_dock/1hea_4q8x_ligand_5
/home/kmk_gmx/Desktop/bioinfo/blast_datas/blast_docking/aligned_pdbqt_dock/1hea_4q8x_ligand_4
/home/kmk_gmx/Desktop/bioinfo/blast_datas/blast_docking/aligned_pdbqt_dock/1hea_4q8x_ligand_7
/home/kmk_gmx/Desktop/bioinfo/blast_datas/blast_docking/aligned_pdbqt_dock/1hea_4q8x_ligand_3
/home/kmk_gmx/Desktop/bioinfo/blast_datas/blast_docking/aligned_pdbqt_dock/1hea_4q8x_ligand_6
/home/kmk_gmx/Desktop/bioinfo/blast_datas/blast_docking/aligned_pdbqt_dock/1hea_4q8x_ligand_2
/home/kmk_gmx/Desktop/bioinfo/blast_datas/blast_docking/aligned_pdbqt_dock/7s0v_4de0_ligand_2
/home/kmk_gmx/Desktop/bioinfo/blast_datas/blast_docking/aligned_pdbqt_dock/7s0v_4de0_ligand_5
/home/kmk_gmx/Desktop/bioinfo/blast_datas/blast_docking/aligned_pdbqt_dock/7s0v_4de0_ligand_1
/home/kmk_gmx/Desktop/bioinfo/blast_datas/blast_docking/aligned_pdbqt_dock/7s0v_4de0_ligand_4
/home/kmk_gmx/Desktop/bioinfo/blast_datas/blast_docking/aligned_pdbqt_dock/7s0v_4de0_ligand_7
/home/kmk_gmx/Desktop/bioinfo/blast_datas/blast_docking/aligned_pdbqt_dock/7s0v_4de0_ligand_3
/home/kmk_gmx/Desktop/bioinfo/blast_datas/blast_docking/aligned_pdbqt_dock/7s0v_4de0_ligand_9
/home/kmk_gmx/Desktop/bioinfo/blast_datas/blast_docking/aligned_pdbqt_dock/7s0v_4de0_ligand_8
/home/kmk_gmx/Desktop/bioinfo/blast_datas/blast_docking/aligned_pdbqt_dock/1cva_5llh_ligand_6
/home/kmk_gmx/Desktop/bioinfo/blast_datas/blast_docking/aligned_pdbqt_dock/1cva_5llh_ligand_8
/home/kmk_gmx/Desktop/bioinfo/blast_datas/blast_docking/aligned_pdbqt_dock/1cva_5llh_ligand_4
/home/kmk_gmx/Desktop/bioinfo/blast_datas/blast_docking/aligned_pdbqt_dock/1cva_5llh_ligand_9
/home/kmk_gmx/Desktop/bioinfo/blast_datas/blast_docking/aligned_pdbqt_dock/1cva_5llh_ligand_7
/home/kmk_gmx/Desktop/bioinfo/blast_datas/blast_docking/aligned_pdbqt_dock/1cva_5llh_ligand_2
/home/kmk_gmx/Desktop/bioinfo/blast_datas/blast_docking/aligned_pdbqt_dock/1cva_5llh_ligand_1
/home/kmk_gmx/Desktop/bioinfo/blast_datas/blast_docking/aligned_pdbqt_dock/1cva_5llh_ligand_3
/home/kmk_gmx/Desktop/bioinfo/blast_datas/blast_docking/aligned_pdbqt_dock/4o14_4n9c_ligand_6
/home/kmk_gmx/Desktop/bioinfo/blast_datas/blast_docking/aligned_pdbqt_dock/4o14_4n9c_ligand_3
/home/kmk_gmx/Desktop/bioinfo/blast_datas/blast_docking/aligned_pdbqt_dock/4o14_4n9c_ligand_2
/home/kmk_gmx/Desktop/bioinfo/blast_datas/blast_docking/aligned_pdbqt_dock/4o14_4n9c_ligand_4
/home/kmk_gmx/Desktop/bioinfo/blast_datas/blast_docking/aligned_pdbqt_dock/4o14_4n9c_ligand_1
/home/kmk_gmx/Desktop/bioinfo/blast_datas/blast_docking/aligned_pdbqt_dock/4o14_4n9c_ligand_5
/home/kmk_gmx/Desktop/bioinfo/blast_datas/blast_docking/aligned_pdbqt_dock/4o14_4n9c_ligand_7
/home/kmk_gmx/Desktop/bioinfo/blast_datas/blast_docking/aligned_pdbqt_dock/4o14_4n9c_ligand_8
/home/kmk_gmx/Desktop/bioinfo/blast_datas/blast_docking/aligned_pdbqt_dock/3jw2_3pwm_ligand_2
/home/kmk_gmx/Desktop/bioinfo/blast_datas/blast_docking/aligned_pdbqt_dock/3jw2_3pwm_ligand_8
/home/kmk_gmx/Desktop/bioinfo/blast_datas/blast_docking/aligned_pdbqt_dock/3jw2_3pwm_ligand_1
/home/kmk_gmx/Desktop/bioinfo/blast_datas/blast_docking/aligned_pdbqt_dock/3jw2_3pwm_ligand_7
/home/kmk_gmx/Desktop/bioinfo/blast_datas/blast_docking/aligned_pdbqt_dock/3jw2_3pwm_ligand_3
/home/kmk_gmx/Desktop/bioinfo/blast_datas/blast_docking/aligned_pdbqt_dock/3jw2_3pwm_ligand_6
/home/kmk_gmx/Desktop/bioinfo/blast_datas/blast_docking/aligned_pdbqt_dock/3jw2_3pwm_ligand_4
/home/kmk_gmx/Desktop/bioinfo/blast_datas/blast_docking/aligned_pdbqt_dock/3jw2_3pwm_ligand_9
/home/kmk_gmx/Desktop/bioinfo/blast_datas/blast_docking/aligned_pdbqt_dock/2nsl_2nsl_ligand_9
/home/kmk_gmx/Desktop/bioinfo/blast_datas/blast_docking/aligned_pdbqt_dock/2nsl_2nsl_ligand_2
/home/kmk_gmx/Desktop/bioinfo/blast_datas/blast_docking/aligned_pdbqt_dock/2nsl_2nsl_ligand_7
/home/kmk_gmx/Desktop/bioinfo/blast_datas/blast_docking/aligned_pdbqt_dock/2nsl_2nsl_ligand_3
/home/kmk_gmx/Desktop/bioinfo/blast_datas/blast_docking/aligned_pdbqt_dock/2nsl_2nsl_ligand_6
/home/kmk_gmx/Desktop/bioinfo/blast_datas/blast_docking/aligned_pdbqt_dock/2nsl_2nsl_ligand_4
/home/kmk_gmx/Desktop/bioinfo/blast_datas/blast_docking/aligned_pdbqt_dock/2nsl_2nsl_ligand_5
/home/kmk_gmx/Desktop/bioinfo/blast_datas/blast_docking/aligned_pdbqt_dock/2nsl_2nsl_ligand_8
/home/kmk_gmx/Desktop/bioinfo/blast_datas/blast_docking/aligned_pdbqt_dock/2fxe_2hs1_ligand_8
/home/kmk_gmx/Desktop/bioinfo/blast_datas/blast_docking/aligned_pdbqt_dock/2fxe_2hs1_ligand_5
/home/kmk_gmx/Desktop/bioinfo/blast_datas/blast_docking/aligned_pdbqt_dock/2fxe_2hs1_ligand_6
/home/kmk_gmx/Desktop/bioinfo/blast_datas/blast_docking/aligned_pdbqt_dock/2fxe_2hs1_ligand_2
/home/kmk_gmx/Desktop/bioinfo/blast_datas/blast_docking/aligned_pdbqt_dock/2fxe_2hs1_ligand_9
/home/kmk_gmx/Desktop/bioinfo/blast_datas/blast_docking/aligned_pdbqt_dock/2fxe_2hs1_ligand_3
/home/kmk_gmx/Desktop/bioinfo/blast_datas/blast_docking/aligned_pdbqt_dock/2fxe_2hs1_ligand_7
/home/kmk_gmx/Desktop/bioinfo/blast_datas/blast_docking/aligned_pdbqt_dock/2fxe_2hs1_ligand_1
/home/kmk_gmx/Desktop/bioinfo/blast_datas/blast_docking/aligned_pdbqt_dock/4l5v_5j8z_ligand_7
/home/kmk_gmx/Desktop/bioinfo/blast_datas/blast_docking/aligned_pdbqt_dock/4l5v_5j8z_ligand_3
/home/kmk_gmx/Desktop/bioinfo/blast_datas/blast_docking/aligned_pdbqt_dock/4l5v_5j8z_ligand_6
/home/kmk_gmx/Desktop/bioinfo/blast_datas/blast_docking/aligned_pdbqt_dock/4l5v_5j8z_ligand_4
/home/kmk_gmx/Desktop/bioinfo/blast_datas/blast_docking/aligned_pdbqt_dock/4l5v_5j8z_ligand_5
/home/kmk_gmx/Desktop/bioinfo/blast_datas/blast_docking/aligned_pdbqt_dock/4l5v_5j8z_ligand_2
/home/kmk_gmx/Desktop/bioinfo/blast_datas/blast_docking/aligned_pdbqt_dock/4l5v_5j8z_ligand_8
/home/kmk_gmx/Desktop/bioinfo/blast_datas/blast_docking/aligned_pdbqt_dock/4l5v_5j8z_ligand_1
/home/kmk_gmx/Desktop/bioinfo/blast_datas/blast_docking/aligned_pdbqt_dock/6rmy_1cny_ligand_1
/home/kmk_gmx/Desktop/bioinfo/blast_datas/blast_docking/aligned_pdbqt_dock/6rmy_1cny_ligand_7
/home/kmk_gmx/Desktop/bioinfo/blast_datas/blast_docking/aligned_pdbqt_dock/6rmy_1cny_ligand_9
/home/kmk_gmx/Desktop/bioinfo/blast_datas/blast_docking/aligned_pdbqt_dock/6rmy_1cny_ligand_6
/home/kmk_gmx/Desktop/bioinfo/blast_datas/blast_docking/aligned_pdbqt_dock/6rmy_1cny_ligand_4
/home/kmk_gmx/Desktop/bioinfo/blast_datas/blast_docking/aligned_pdbqt_dock/6rmy_1cny_ligand_3
/home/kmk_gmx/Desktop/bioinfo/blast_datas/blast_docking/aligned_pdbqt_dock/6rmy_1cny_ligand_2
/home/kmk_gmx/Desktop/bioinfo/blast_datas/blast_docking/aligned_pdbqt_dock/6rmy_1cny_ligand_5
/home/kmk_gmx/Desktop/bioinfo/blast_datas/blast_docking/aligned_pdbqt_dock/5dtj_1q84_ligand_7
/home/kmk_gmx/Desktop/bioinfo/blast_datas/blast_docking/aligned_pdbqt_dock/5dtj_1q84_ligand_1
/home/kmk_gmx/Desktop/bioinfo/blast_datas/blast_docking/aligned_pdbqt_dock/5dtj_1q84_ligand_2
/home/kmk_gmx/Desktop/bioinfo/blast_datas/blast_docking/aligned_pdbqt_dock/5dtj_1q84_ligand_4
/home/kmk_gmx/Desktop/bioinfo/blast_datas/blast_docking/aligned_pdbqt_dock/5dtj_1q84_ligand_9
/home/kmk_gmx/Desktop/bioinfo/blast_datas/blast_docking/aligned_pdbqt_dock/5dtj_1q84_ligand_8
/home/kmk_gmx/Desktop/bioinfo/blast_datas/blast_docking/aligned_pdbqt_dock/5dtj_1q84_ligand_3
/home/kmk_gmx/Desktop/bioinfo/blast_datas/blast_docking/aligned_pdbqt_dock/5dtj_1q84_ligand_6
/home/kmk_gmx/Desktop/bioinfo/blast_datas/blast_docking/aligned_pdbqt_dock/6c0u_4uj2_ligand_2
/home/kmk_gmx/Desktop/bioinfo/blast_datas/blast_docking/aligned_pdbqt_dock/6c0u_4uj2_ligand_1
/home/kmk_gmx/Desktop/bioinfo/blast_datas/blast_docking/aligned_pdbqt_dock/6c0u_4uj2_ligand_5
/home/kmk_gmx/Desktop/bioinfo/blast_datas/blast_docking/aligned_pdbqt_dock/6c0u_4uj2_ligand_4
/home/kmk_gmx/Desktop/bioinfo/blast_datas/blast_docking/aligned_pdbqt_dock/6c0u_4uj2_ligand_8
/home/kmk_gmx/Desktop/bioinfo/blast_datas/blast_docking/aligned_pdbqt_dock/6c0u_4uj2_ligand_3
/home/kmk_gmx/Desktop/bioinfo/blast_datas/blast_docking/aligned_pdbqt_dock/6c0u_4uj2_ligand_7
/home/kmk_gmx/Desktop/bioinfo/blast_datas/blast_docking/aligned_pdbqt_dock/6c0u_4uj2_ligand_9
/home/kmk_gmx/Desktop/bioinfo/blast_datas/blast_docking/aligned_pdbqt_dock/5i7x_5i7y_ligand_9
/home/kmk_gmx/Desktop/bioinfo/blast_datas/blast_docking/aligned_pdbqt_dock/5i7x_5i7y_ligand_2
/home/kmk_gmx/Desktop/bioinfo/blast_datas/blast_docking/aligned_pdbqt_dock/5i7x_5i7y_ligand_6
/home/kmk_gmx/Desktop/bioinfo/blast_datas/blast_docking/aligned_pdbqt_dock/5i7x_5i7y_ligand_8
/home/kmk_gmx/Desktop/bioinfo/blast_datas/blast_docking/aligned_pdbqt_dock/5i7x_5i7y_ligand_5
/home/kmk_gmx/Desktop/bioinfo/blast_datas/blast_docking/aligned_pdbqt_dock/5i7x_5i7y_ligand_4
/home/kmk_gmx/Desktop/bioinfo/blast_datas/blast_docking/aligned_pdbqt_dock/5i7x_5i7y_ligand_3
/home/kmk_gmx/Desktop/bioinfo/blast_datas/blast_docking/aligned_pdbqt_dock/5i7x_5i7y_ligand_7
/home/kmk_gmx/Desktop/bioinfo/blast_datas/blast_docking/aligned_pdbqt_dock/4lys_2yel_ligand_1
/home/kmk_gmx/Desktop/bioinfo/blast_datas/blast_docking/aligned_pdbqt_dock/4lys_2yel_ligand_8
/home/kmk_gmx/Desktop/bioinfo/blast_datas/blast_docking/aligned_pdbqt_dock/4lys_2yel_ligand_2
/home/kmk_gmx/Desktop/bioinfo/blast_datas/blast_docking/aligned_pdbqt_dock/4lys_2yel_ligand_7
/home/kmk_gmx/Desktop/bioinfo/blast_datas/blast_docking/aligned_pdbqt_dock/4lys_2yel_ligand_3
/home/kmk_gmx/Desktop/bioinfo/blast_datas/blast_docking/aligned_pdbqt_dock/4lys_2yel_ligand_5
/home/kmk_gmx/Desktop/bioinfo/blast_datas/blast_docking/aligned_pdbqt_dock/4lys_2yel_ligand_6
/home/kmk_gmx/Desktop/bioinfo/blast_datas/blast_docking/aligned_pdbqt_dock/4lys_2yel_ligand_4
/home/kmk_gmx/Desktop/bioinfo/blast_datas/blast_docking/aligned_pdbqt_dock/3bxm_3rbu_ligand_1
/home/kmk_gmx/Desktop/bioinfo/blast_datas/blast_docking/aligned_pdbqt_dock/3bxm_3rbu_ligand_5
/home/kmk_gmx/Desktop/bioinfo/blast_datas/blast_docking/aligned_pdbqt_dock/3bxm_3rbu_ligand_3
/home/kmk_gmx/Desktop/bioinfo/blast_datas/blast_docking/aligned_pdbqt_dock/3bxm_3rbu_ligand_7
/home/kmk_gmx/Desktop/bioinfo/blast_datas/blast_docking/aligned_pdbqt_dock/3bxm_3rbu_ligand_8
/home/kmk_gmx/Desktop/bioinfo/blast_datas/blast_docking/aligned_pdbqt_dock/3bxm_3rbu_ligand_2
/home/kmk_gmx/Desktop/bioinfo/blast_datas/blast_docking/aligned_pdbqt_dock/3bxm_3rbu_ligand_9
/home/kmk_gmx/Desktop/bioinfo/blast_datas/blast_docking/aligned_pdbqt_dock/3bxm_3rbu_ligand_4
/home/kmk_gmx/Desktop/bioinfo/blast_datas/blast_docking/aligned_pdbqt_dock/4cfu_6gue_ligand_8
/home/kmk_gmx/Desktop/bioinfo/blast_datas/blast_docking/aligned_pdbqt_dock/4cfu_6gue_ligand_1
/home/kmk_gmx/Desktop/bioinfo/blast_datas/blast_docking/aligned_pdbqt_dock/4cfu_6gue_ligand_2
/home/kmk_gmx/Desktop/bioinfo/blast_datas/blast_docking/aligned_pdbqt_dock/4cfu_6gue_ligand_4
/home/kmk_gmx/Desktop/bioinfo/blast_datas/blast_docking/aligned_pdbqt_dock/4cfu_6gue_ligand_9
/home/kmk_gmx/Desktop/bioinfo/blast_datas/blast_docking/aligned_pdbqt_dock/4cfu_6gue_ligand_3
/home/kmk_gmx/Desktop/bioinfo/blast_datas/blast_docking/aligned_pdbqt_dock/4cfu_6gue_ligand_5
/home/kmk_gmx/Desktop/bioinfo/blast_datas/blast_docking/aligned_pdbqt_dock/4cfu_6gue_ligand_6
/home/kmk_gmx/Desktop/bioinfo/blast_datas/blast_docking/aligned_pdbqt_dock/5ca2_5flq_ligand_3
/home/kmk_gmx/Desktop/bioinfo/blast_datas/blast_docking/aligned_pdbqt_dock/5ca2_5flq_ligand_4
/home/kmk_gmx/Desktop/bioinfo/blast_datas/blast_docking/aligned_pdbqt_dock/5ca2_5flq_ligand_7
/home/kmk_gmx/Desktop/bioinfo/blast_datas/blast_docking/aligned_pdbqt_dock/5ca2_5flq_ligand_1
/home/kmk_gmx/Desktop/bioinfo/blast_datas/blast_docking/aligned_pdbqt_dock/5ca2_5flq_ligand_9
/home/kmk_gmx/Desktop/bioinfo/blast_datas/blast_docking/aligned_pdbqt_dock/5ca2_5flq_ligand_6
/home/kmk_gmx/Desktop/bioinfo/blast_datas/blast_docking/aligned_pdbqt_dock/5ca2_5flq_ligand_5
/home/kmk_gmx/Desktop/bioinfo/blast_datas/blast_docking/aligned_pdbqt_dock/5ca2_5flq_ligand_8
/home/kmk_gmx/Desktop/bioinfo/blast_datas/blast_docking/aligned_pdbqt_dock/5orl_5os5_ligand_4
/home/kmk_gmx/Desktop/bioinfo/blast_datas/blast_docking/aligned_pdbqt_dock/5orl_5os5_ligand_3
/home/kmk_gmx/Desktop/bioinfo/blast_datas/blast_docking/aligned_pdbqt_dock/5orl_5os5_ligand_1
/home/kmk_gmx/Desktop/bioinfo/blast_datas/blast_docking/aligned_pdbqt_dock/5orl_5os5_ligand_8
/home/kmk_gmx/Desktop/bioinfo/blast_datas/blast_docking/aligned_pdbqt_dock/5orl_5os5_ligand_6
/home/kmk_gmx/Desktop/bioinfo/blast_datas/blast_docking/aligned_pdbqt_dock/5orl_5os5_ligand_9
/home/kmk_gmx/Desktop/bioinfo/blast_datas/blast_docking/aligned_pdbqt_dock/5orl_5os5_ligand_7
/home/kmk_gmx/Desktop/bioinfo/blast_datas/blast_docking/aligned_pdbqt_dock/5orl_5os5_ligand_5
/home/kmk_gmx/Desktop/bioinfo/blast_datas/blast_docking/aligned_pdbqt_dock/5fw6_5boj_ligand_8
/home/kmk_gmx/Desktop/bioinfo/blast_datas/blast_docking/aligned_pdbqt_dock/5fw6_5boj_ligand_5
/home/kmk_gmx/Desktop/bioinfo/blast_datas/blast_docking/aligned_pdbqt_dock/5fw6_5boj_ligand_6
/home/kmk_gmx/Desktop/bioinfo/blast_datas/blast_docking/aligned_pdbqt_dock/5fw6_5boj_ligand_7
/home/kmk_gmx/Desktop/bioinfo/blast_datas/blast_docking/aligned_pdbqt_dock/5fw6_5boj_ligand_1
/home/kmk_gmx/Desktop/bioinfo/blast_datas/blast_docking/aligned_pdbqt_dock/5fw6_5boj_ligand_3
/home/kmk_gmx/Desktop/bioinfo/blast_datas/blast_docking/aligned_pdbqt_dock/5fw6_5boj_ligand_2
/home/kmk_gmx/Desktop/bioinfo/blast_datas/blast_docking/aligned_pdbqt_dock/5fw6_5boj_ligand_9
/home/kmk_gmx/Desktop/bioinfo/blast_datas/blast_docking/aligned_pdbqt_dock/5k0f_3ozs_ligand_3
/home/kmk_gmx/Desktop/bioinfo/blast_datas/blast_docking/aligned_pdbqt_dock/5k0f_3ozs_ligand_6
/home/kmk_gmx/Desktop/bioinfo/blast_datas/blast_docking/aligned_pdbqt_dock/5k0f_3ozs_ligand_7
/home/kmk_gmx/Desktop/bioinfo/blast_datas/blast_docking/aligned_pdbqt_dock/5k0f_3ozs_ligand_9
/home/kmk_gmx/Desktop/bioinfo/blast_datas/blast_docking/aligned_pdbqt_dock/5k0f_3ozs_ligand_1
/home/kmk_gmx/Desktop/bioinfo/blast_datas/blast_docking/aligned_pdbqt_dock/5k0f_3ozs_ligand_2
/home/kmk_gmx/Desktop/bioinfo/blast_datas/blast_docking/aligned_pdbqt_dock/5k0f_3ozs_ligand_5
/home/kmk_gmx/Desktop/bioinfo/blast_datas/blast_docking/aligned_pdbqt_dock/5k0f_3ozs_ligand_4
/home/kmk_gmx/Desktop/bioinfo/blast_datas/blast_docking/aligned_pdbqt_dock/5jeg_4e3g_ligand_6
/home/kmk_gmx/Desktop/bioinfo/blast_datas/blast_docking/aligned_pdbqt_dock/5jeg_4e3g_ligand_3
/home/kmk_gmx/Desktop/bioinfo/blast_datas/blast_docking/aligned_pdbqt_dock/5jeg_4e3g_ligand_1
/home/kmk_gmx/Desktop/bioinfo/blast_datas/blast_docking/aligned_pdbqt_dock/5jeg_4e3g_ligand_5
/home/kmk_gmx/Desktop/bioinfo/blast_datas/blast_docking/aligned_pdbqt_dock/5jeg_4e3g_ligand_8
/home/kmk_gmx/Desktop/bioinfo/blast_datas/blast_docking/aligned_pdbqt_dock/5jeg_4e3g_ligand_9
/home/kmk_gmx/Desktop/bioinfo/blast_datas/blast_docking/aligned_pdbqt_dock/5jeg_4e3g_ligand_2
/home/kmk_gmx/Desktop/bioinfo/blast_datas/blast_docking/aligned_pdbqt_dock/5jeg_4e3g_ligand_4
/home/kmk_gmx/Desktop/bioinfo/blast_datas/blast_docking/aligned_pdbqt_dock/3r16_4qtl_ligand_3
/home/kmk_gmx/Desktop/bioinfo/blast_datas/blast_docking/aligned_pdbqt_dock/3r16_4qtl_ligand_6
/home/kmk_gmx/Desktop/bioinfo/blast_datas/blast_docking/aligned_pdbqt_dock/3r16_4qtl_ligand_8
/home/kmk_gmx/Desktop/bioinfo/blast_datas/blast_docking/aligned_pdbqt_dock/3r16_4qtl_ligand_1
/home/kmk_gmx/Desktop/bioinfo/blast_datas/blast_docking/aligned_pdbqt_dock/3r16_4qtl_ligand_2
/home/kmk_gmx/Desktop/bioinfo/blast_datas/blast_docking/aligned_pdbqt_dock/3r16_4qtl_ligand_7
/home/kmk_gmx/Desktop/bioinfo/blast_datas/blast_docking/aligned_pdbqt_dock/3r16_4qtl_ligand_5
/home/kmk_gmx/Desktop/bioinfo/blast_datas/blast_docking/aligned_pdbqt_dock/3r16_4qtl_ligand_9
/home/kmk_gmx/Desktop/bioinfo/blast_datas/blast_docking/aligned_pdbqt_dock/1ugf_5tya_ligand_9
/home/kmk_gmx/Desktop/bioinfo/blast_datas/blast_docking/aligned_pdbqt_dock/1ugf_5tya_ligand_2
/home/kmk_gmx/Desktop/bioinfo/blast_datas/blast_docking/aligned_pdbqt_dock/1ugf_5tya_ligand_4
/home/kmk_gmx/Desktop/bioinfo/blast_datas/blast_docking/aligned_pdbqt_dock/1ugf_5tya_ligand_8
/home/kmk_gmx/Desktop/bioinfo/blast_datas/blast_docking/aligned_pdbqt_dock/1ugf_5tya_ligand_1
/home/kmk_gmx/Desktop/bioinfo/blast_datas/blast_docking/aligned_pdbqt_dock/1ugf_5tya_ligand_7
/home/kmk_gmx/Desktop/bioinfo/blast_datas/blast_docking/aligned_pdbqt_dock/1ugf_5tya_ligand_5
/home/kmk_gmx/Desktop/bioinfo/blast_datas/blast_docking/aligned_pdbqt_dock/1ugf_5tya_ligand_3
/home/kmk_gmx/Desktop/bioinfo/blast_datas/blast_docking/aligned_pdbqt_dock/5ptp_4abe_ligand_1
/home/kmk_gmx/Desktop/bioinfo/blast_datas/blast_docking/aligned_pdbqt_dock/5ptp_4abe_ligand_4
/home/kmk_gmx/Desktop/bioinfo/blast_datas/blast_docking/aligned_pdbqt_dock/5ptp_4abe_ligand_7
/home/kmk_gmx/Desktop/bioinfo/blast_datas/blast_docking/aligned_pdbqt_dock/5ptp_4abe_ligand_6
/home/kmk_gmx/Desktop/bioinfo/blast_datas/blast_docking/aligned_pdbqt_dock/5ptp_4abe_ligand_3
/home/kmk_gmx/Desktop/bioinfo/blast_datas/blast_docking/aligned_pdbqt_dock/5ptp_4abe_ligand_8
/home/kmk_gmx/Desktop/bioinfo/blast_datas/blast_docking/aligned_pdbqt_dock/5ptp_4abe_ligand_2
/home/kmk_gmx/Desktop/bioinfo/blast_datas/blast_docking/aligned_pdbqt_dock/5ptp_4abe_ligand_5
/home/kmk_gmx/Desktop/bioinfo/blast_datas/blast_docking/aligned_pdbqt_dock/3r16_6eeo_ligand_7
/home/kmk_gmx/Desktop/bioinfo/blast_datas/blast_docking/aligned_pdbqt_dock/3r16_6eeo_ligand_9
/home/kmk_gmx/Desktop/bioinfo/blast_datas/blast_docking/aligned_pdbqt_dock/3r16_6eeo_ligand_1
/home/kmk_gmx/Desktop/bioinfo/blast_datas/blast_docking/aligned_pdbqt_dock/3r16_6eeo_ligand_4
/home/kmk_gmx/Desktop/bioinfo/blast_datas/blast_docking/aligned_pdbqt_dock/3r16_6eeo_ligand_3
/home/kmk_gmx/Desktop/bioinfo/blast_datas/blast_docking/aligned_pdbqt_dock/3r16_6eeo_ligand_8
/home/kmk_gmx/Desktop/bioinfo/blast_datas/blast_docking/aligned_pdbqt_dock/3r16_6eeo_ligand_2
/home/kmk_gmx/Desktop/bioinfo/blast_datas/blast_docking/aligned_pdbqt_dock/3r16_6eeo_ligand_5
/home/kmk_gmx/Desktop/bioinfo/blast_datas/blast_docking/aligned_pdbqt_dock/6oos_1b6l_ligand_3
/home/kmk_gmx/Desktop/bioinfo/blast_datas/blast_docking/aligned_pdbqt_dock/6oos_1b6l_ligand_1
/home/kmk_gmx/Desktop/bioinfo/blast_datas/blast_docking/aligned_pdbqt_dock/6oos_1b6l_ligand_7
/home/kmk_gmx/Desktop/bioinfo/blast_datas/blast_docking/aligned_pdbqt_dock/6oos_1b6l_ligand_8
/home/kmk_gmx/Desktop/bioinfo/blast_datas/blast_docking/aligned_pdbqt_dock/6oos_1b6l_ligand_4
/home/kmk_gmx/Desktop/bioinfo/blast_datas/blast_docking/aligned_pdbqt_dock/6oos_1b6l_ligand_6
/home/kmk_gmx/Desktop/bioinfo/blast_datas/blast_docking/aligned_pdbqt_dock/6oos_1b6l_ligand_5
/home/kmk_gmx/Desktop/bioinfo/blast_datas/blast_docking/aligned_pdbqt_dock/6oos_1b6l_ligand_9
/home/kmk_gmx/Desktop/bioinfo/blast_datas/blast_docking/aligned_pdbqt_dock/5i80_4nue_ligand_7
/home/kmk_gmx/Desktop/bioinfo/blast_datas/blast_docking/aligned_pdbqt_dock/5i80_4nue_ligand_8
/home/kmk_gmx/Desktop/bioinfo/blast_datas/blast_docking/aligned_pdbqt_dock/5i80_4nue_ligand_9
/home/kmk_gmx/Desktop/bioinfo/blast_datas/blast_docking/aligned_pdbqt_dock/5i80_4nue_ligand_2
/home/kmk_gmx/Desktop/bioinfo/blast_datas/blast_docking/aligned_pdbqt_dock/5i80_4nue_ligand_4
/home/kmk_gmx/Desktop/bioinfo/blast_datas/blast_docking/aligned_pdbqt_dock/5i80_4nue_ligand_5
/home/kmk_gmx/Desktop/bioinfo/blast_datas/blast_docking/aligned_pdbqt_dock/5i80_4nue_ligand_1
/home/kmk_gmx/Desktop/bioinfo/blast_datas/blast_docking/aligned_pdbqt_dock/5i80_4nue_ligand_3
/home/kmk_gmx/Desktop/bioinfo/blast_datas/blast_docking/aligned_pdbqt_dock/3plk_1v2s_ligand_3
/home/kmk_gmx/Desktop/bioinfo/blast_datas/blast_docking/aligned_pdbqt_dock/3plk_1v2s_ligand_9
/home/kmk_gmx/Desktop/bioinfo/blast_datas/blast_docking/aligned_pdbqt_dock/3plk_1v2s_ligand_2
/home/kmk_gmx/Desktop/bioinfo/blast_datas/blast_docking/aligned_pdbqt_dock/3plk_1v2s_ligand_5
/home/kmk_gmx/Desktop/bioinfo/blast_datas/blast_docking/aligned_pdbqt_dock/3plk_1v2s_ligand_6
/home/kmk_gmx/Desktop/bioinfo/blast_datas/blast_docking/aligned_pdbqt_dock/3plk_1v2s_ligand_4
/home/kmk_gmx/Desktop/bioinfo/blast_datas/blast_docking/aligned_pdbqt_dock/3plk_1v2s_ligand_7
/home/kmk_gmx/Desktop/bioinfo/blast_datas/blast_docking/aligned_pdbqt_dock/3plk_1v2s_ligand_8
/home/kmk_gmx/Desktop/bioinfo/blast_datas/blast_docking/aligned_pdbqt_dock/4dy1_5jxq_ligand_4
/home/kmk_gmx/Desktop/bioinfo/blast_datas/blast_docking/aligned_pdbqt_dock/4dy1_5jxq_ligand_6
/home/kmk_gmx/Desktop/bioinfo/blast_datas/blast_docking/aligned_pdbqt_dock/4dy1_5jxq_ligand_1
/home/kmk_gmx/Desktop/bioinfo/blast_datas/blast_docking/aligned_pdbqt_dock/4dy1_5jxq_ligand_9
/home/kmk_gmx/Desktop/bioinfo/blast_datas/blast_docking/aligned_pdbqt_dock/4dy1_5jxq_ligand_7
/home/kmk_gmx/Desktop/bioinfo/blast_datas/blast_docking/aligned_pdbqt_dock/4dy1_5jxq_ligand_5
/home/kmk_gmx/Desktop/bioinfo/blast_datas/blast_docking/aligned_pdbqt_dock/4dy1_5jxq_ligand_8
/home/kmk_gmx/Desktop/bioinfo/blast_datas/blast_docking/aligned_pdbqt_dock/4dy1_5jxq_ligand_2
/home/kmk_gmx/Desktop/bioinfo/blast_datas/blast_docking/aligned_pdbqt_dock/4pq7_4rfc_ligand_7
/home/kmk_gmx/Desktop/bioinfo/blast_datas/blast_docking/aligned_pdbqt_dock/4pq7_4rfc_ligand_5
/home/kmk_gmx/Desktop/bioinfo/blast_datas/blast_docking/aligned_pdbqt_dock/4pq7_4rfc_ligand_9
/home/kmk_gmx/Desktop/bioinfo/blast_datas/blast_docking/aligned_pdbqt_dock/4pq7_4rfc_ligand_6
/home/kmk_gmx/Desktop/bioinfo/blast_datas/blast_docking/aligned_pdbqt_dock/4pq7_4rfc_ligand_4
/home/kmk_gmx/Desktop/bioinfo/blast_datas/blast_docking/aligned_pdbqt_dock/4pq7_4rfc_ligand_1
/home/kmk_gmx/Desktop/bioinfo/blast_datas/blast_docking/aligned_pdbqt_dock/4pq7_4rfc_ligand_3
/home/kmk_gmx/Desktop/bioinfo/blast_datas/blast_docking/aligned_pdbqt_dock/4pq7_4rfc_ligand_2
/home/kmk_gmx/Desktop/bioinfo/blast_datas/blast_docking/aligned_pdbqt_dock/3dvd_5n0e_ligand_9
/home/kmk_gmx/Desktop/bioinfo/blast_datas/blast_docking/aligned_pdbqt_dock/3dvd_5n0e_ligand_5
/home/kmk_gmx/Desktop/bioinfo/blast_datas/blast_docking/aligned_pdbqt_dock/3dvd_5n0e_ligand_1
/home/kmk_gmx/Desktop/bioinfo/blast_datas/blast_docking/aligned_pdbqt_dock/3dvd_5n0e_ligand_2
/home/kmk_gmx/Desktop/bioinfo/blast_datas/blast_docking/aligned_pdbqt_dock/3dvd_5n0e_ligand_6
/home/kmk_gmx/Desktop/bioinfo/blast_datas/blast_docking/aligned_pdbqt_dock/3dvd_5n0e_ligand_7
/home/kmk_gmx/Desktop/bioinfo/blast_datas/blast_docking/aligned_pdbqt_dock/3dvd_5n0e_ligand_8
/home/kmk_gmx/Desktop/bioinfo/blast_datas/blast_docking/aligned_pdbqt_dock/3dvd_5n0e_ligand_3
/home/kmk_gmx/Desktop/bioinfo/blast_datas/blast_docking/aligned_pdbqt_dock/3mnj_1bcd_ligand_5
/home/kmk_gmx/Desktop/bioinfo/blast_datas/blast_docking/aligned_pdbqt_dock/3mnj_1bcd_ligand_2
/home/kmk_gmx/Desktop/bioinfo/blast_datas/blast_docking/aligned_pdbqt_dock/3mnj_1bcd_ligand_8
/home/kmk_gmx/Desktop/bioinfo/blast_datas/blast_docking/aligned_pdbqt_dock/3mnj_1bcd_ligand_1
/home/kmk_gmx/Desktop/bioinfo/blast_datas/blast_docking/aligned_pdbqt_dock/3mnj_1bcd_ligand_7
/home/kmk_gmx/Desktop/bioinfo/blast_datas/blast_docking/aligned_pdbqt_dock/3mnj_1bcd_ligand_4
/home/kmk_gmx/Desktop/bioinfo/blast_datas/blast_docking/aligned_pdbqt_dock/3mnj_1bcd_ligand_6
/home/kmk_gmx/Desktop/bioinfo/blast_datas/blast_docking/aligned_pdbqt_dock/3mnj_1bcd_ligand_9
/home/kmk_gmx/Desktop/bioinfo/blast_datas/blast_docking/aligned_pdbqt_dock/6oou_1a30_ligand_5
/home/kmk_gmx/Desktop/bioinfo/blast_datas/blast_docking/aligned_pdbqt_dock/6oou_1a30_ligand_8
/home/kmk_gmx/Desktop/bioinfo/blast_datas/blast_docking/aligned_pdbqt_dock/6oou_1a30_ligand_9
/home/kmk_gmx/Desktop/bioinfo/blast_datas/blast_docking/aligned_pdbqt_dock/6oou_1a30_ligand_1
/home/kmk_gmx/Desktop/bioinfo/blast_datas/blast_docking/aligned_pdbqt_dock/6oou_1a30_ligand_6
/home/kmk_gmx/Desktop/bioinfo/blast_datas/blast_docking/aligned_pdbqt_dock/6oou_1a30_ligand_7
/home/kmk_gmx/Desktop/bioinfo/blast_datas/blast_docking/aligned_pdbqt_dock/6oou_1a30_ligand_2
/home/kmk_gmx/Desktop/bioinfo/blast_datas/blast_docking/aligned_pdbqt_dock/6oou_1a30_ligand_3
/home/kmk_gmx/Desktop/bioinfo/blast_datas/blast_docking/aligned_pdbqt_dock/4bb9_4bb9_ligand_2
/home/kmk_gmx/Desktop/bioinfo/blast_datas/blast_docking/aligned_pdbqt_dock/4bb9_4bb9_ligand_5
/home/kmk_gmx/Desktop/bioinfo/blast_datas/blast_docking/aligned_pdbqt_dock/4bb9_4bb9_ligand_8
/home/kmk_gmx/Desktop/bioinfo/blast_datas/blast_docking/aligned_pdbqt_dock/4bb9_4bb9_ligand_7
/home/kmk_gmx/Desktop/bioinfo/blast_datas/blast_docking/aligned_pdbqt_dock/4bb9_4bb9_ligand_9
/home/kmk_gmx/Desktop/bioinfo/blast_datas/blast_docking/aligned_pdbqt_dock/4bb9_4bb9_ligand_6
/home/kmk_gmx/Desktop/bioinfo/blast_datas/blast_docking/aligned_pdbqt_dock/4bb9_4bb9_ligand_3
/home/kmk_gmx/Desktop/bioinfo/blast_datas/blast_docking/aligned_pdbqt_dock/4bb9_4bb9_ligand_1
/home/kmk_gmx/Desktop/bioinfo/blast_datas/blast_docking/aligned_pdbqt_dock/5cvg_3pe1_ligand_5
/home/kmk_gmx/Desktop/bioinfo/blast_datas/blast_docking/aligned_pdbqt_dock/5cvg_3pe1_ligand_4
/home/kmk_gmx/Desktop/bioinfo/blast_datas/blast_docking/aligned_pdbqt_dock/5cvg_3pe1_ligand_8
/home/kmk_gmx/Desktop/bioinfo/blast_datas/blast_docking/aligned_pdbqt_dock/5cvg_3pe1_ligand_3
/home/kmk_gmx/Desktop/bioinfo/blast_datas/blast_docking/aligned_pdbqt_dock/5cvg_3pe1_ligand_6
/home/kmk_gmx/Desktop/bioinfo/blast_datas/blast_docking/aligned_pdbqt_dock/5cvg_3pe1_ligand_7
/home/kmk_gmx/Desktop/bioinfo/blast_datas/blast_docking/aligned_pdbqt_dock/5cvg_3pe1_ligand_1
/home/kmk_gmx/Desktop/bioinfo/blast_datas/blast_docking/aligned_pdbqt_dock/5cvg_3pe1_ligand_9